<<<<<<< HEAD
﻿生成启动时间为 2017-09-24 10:58:54。
=======
﻿生成启动时间为 2017-09-23 9:57:56。
>>>>>>> cd7668b9549c90b65c7c9701bb84fca83333389c
     1>项目“F:\Documents\Desktop\indoor_positioning_algroithm\in_pos_alg\in_pos_alg\in_pos_alg.vcxproj”在节点 2 上(Rebuild 个目标)。
     1>ClCompile:
         H:\Program Files (x86)\Microsoft Visual Studio 12.0\VC\bin\x86_amd64\CL.exe /c /IF:\Documents\Desktop\indoor_positioning_algroithm\in_pos_alg\in_pos_alg /Zi /nologo /W3 /WX- /sdl /Od /D _MBCS /Gm /EHsc /RTC1 /MDd /GS /fp:precise /Zc:wchar_t /Zc:forScope /Fo"x64\Debug\\" /Fd"x64\Debug\vc120.pdb" /Gd /TP /errorReport:prompt datawritein.cpp file_operation.cpp main.cpp
         main.cpp
         file_operation.cpp
         datawritein.cpp
         正在生成代码...
       Link:
<<<<<<< HEAD
         H:\Program Files (x86)\Microsoft Visual Studio 12.0\VC\bin\x86_amd64\link.exe /ERRORREPORT:PROMPT /OUT:"F:\Documents\Desktop\indoor_positioning_algroithm\in_pos_alg\x64\Debug\in_pos_alg.exe" /INCREMENTAL /NOLOGO kernel32.lib user32.lib gdi32.lib winspool.lib comdlg32.lib advapi32.lib shell32.lib ole32.lib oleaut32.lib uuid.lib odbc32.lib odbccp32.lib /MANIFEST /MANIFESTUAC:"level='asInvoker' uiAccess='false'" /manifest:embed /DEBUG /PDB:"F:\Documents\Desktop\indoor_positioning_algroithm\in_pos_alg\x64\Debug\in_pos_alg.pdb" /TLBID:1 /DYNAMICBASE /NXCOMPAT /IMPLIB:"F:\Documents\Desktop\indoor_positioning_algroithm\in_pos_alg\x64\Debug\in_pos_alg.lib" /MACHINE:X64 x64\Debug\datawritein.obj
=======
         H:\Program Files (x86)\Microsoft Visual Studio 12.0\VC\bin\x86_amd64\link.exe /ERRORREPORT:PROMPT /OUT:"F:\Documents\Desktop\indoor_positioning_algroithm\in_pos_alg\x64\Debug\in_pos_alg.exe" /INCREMENTAL /NOLOGO libcovrt.lib libemlrt.lib libeng.lib libfixedpoint.lib libmat.lib mclmcr.lib mclmcrrt.lib MatSincplot.lib kernel32.lib user32.lib gdi32.lib winspool.lib comdlg32.lib advapi32.lib shell32.lib ole32.lib oleaut32.lib uuid.lib odbc32.lib odbccp32.lib /MANIFEST /MANIFESTUAC:"level='asInvoker' uiAccess='false'" /manifest:embed /DEBUG /PDB:"F:\Documents\Desktop\indoor_positioning_algroithm\in_pos_alg\x64\Debug\in_pos_alg.pdb" /TLBID:1 /DYNAMICBASE /NXCOMPAT /IMPLIB:"F:\Documents\Desktop\indoor_positioning_algroithm\in_pos_alg\x64\Debug\in_pos_alg.lib" /MACHINE:X64 x64\Debug\datawritein.obj
>>>>>>> cd7668b9549c90b65c7c9701bb84fca83333389c
         x64\Debug\file_operation.obj
         x64\Debug\main.obj
         in_pos_alg.vcxproj -> F:\Documents\Desktop\indoor_positioning_algroithm\in_pos_alg\x64\Debug\in_pos_alg.exe
     1>已完成生成项目“F:\Documents\Desktop\indoor_positioning_algroithm\in_pos_alg\in_pos_alg\in_pos_alg.vcxproj”(Rebuild 个目标)的操作。

生成成功。

<<<<<<< HEAD
已用时间 00:00:02.01
=======
已用时间 00:00:03.89
>>>>>>> cd7668b9549c90b65c7c9701bb84fca83333389c
